|SourceProjectName:Tutorial Center.hpr
|DestinationProjectName:Tutorial_Center.htm
whutils.js
whver.js
whmozemu.js
wf_startpage.js
whtopic.js
whskin_tw.htm
wf_frames.js
wf_master.js
wf_dispatcher.js
wf_dispatcher.vbs
wf_startfs.htm
wf_bottom.htm
wf_contentfs.htm
wf_comm.htm
wf_hiddenfs.htm
wf_flashinstall.htm
wf_flashupgrade.htm
wf_related.htm
wf_checkflash.htm
wf_toolbar.htm
wf_navbar.htm
wf_navframe.htm
wf_navpane.htm
wf_master.htm
wf_skin.htm
wf_poweredby.htm
wfres.xml
wf_njs.htm
wf_pickup.htm
wf_blank.htm
wf_master.swf
wf_toolbar.swf
wf_navbar.swf
wf_navpane.swf
wf_skin.swf
wf_param_passer.swf
wf_poweredby.swf
wf_detectFlash.swf
wf_waitv6.swf
FlashHelp_Components.swf
FlashHelp_Tooltip_Component.swf
wf_related.swf
wf_toc.swf
wf_tocui.swf
wf_tocxml.swf
wf_index.swf
wf_indexui.swf
wf_indexxml.swf
wf_glossary.swf
wf_glossaryui.swf
wf_glossaryxml.swf
wf_search.swf
wf_searchui.swf
wf_searchxml.swf
wf_system_stock_aboutbox.swf
wf_system_stock_poweredby.swf
wf_flash_get.gif
wf_favicon.ico
wf_topics.css
whproj.xml
whxdata\whtoc.xml
whxdata\whidx.xml
whxdata\whfts.xml
whxdata\whglo.xml
whgdata\whnvp30.htm
whgdata\whnvp31.htm
whgdata\whnvp32.htm
whgdata\whnvp33.htm
whgdata\whnvt30.htm
whgdata\whnvt31.htm
whgdata\whnvt32.htm
whgdata\whnvt33.htm
whgdata\whnvf30.htm
whgdata\whnvf31.htm
whgdata\whnvf32.htm
whgdata\whnvf33.htm
whgdata\whnvl31.htm
whgdata\whnvl32.htm
whgdata\whnvl33.htm
whgdata\whexpbar.gif
cshdat_webhelp.htm
whcsh_home.htm
whcshdata.htm
wht_tab0.gif
wht_tab1.gif
wht_tab2.gif
wht_tab3.gif
wht_tab4.gif
wht_tab5.gif
wht_tab6.gif
wht_tab7.gif
wht_tab8.gif
wht_toc1.gif
wht_toc2.gif
wht_toc3.gif
wht_toc4.gif
Slate.fhs
skin_background_tb.swf
skin_button_tb_toc.swf
skin_button_tb_index.swf
skin_button_tb_search.swf
skin_button_tb_glossary.swf
skin_button_tb_print.swf
skin_textfield.swf
skin_button_tb_poweredby.swf
skin_aboutbox.swf
skin_background_nav.swf
skin_button_nav_previous.swf
skin_button_nav_next.swf
skin_button_nav_sync.swf
skin_button_nav_close.swf
skin_background_navpane.swf
skin_textnode.swf
skin_toc.swf
skin_index.swf
skin_search.swf
skin_glossary.swf
skin_scrollbar.swf
wht_toc4_1.gif
wht_toc1_1.gif
wht_toc2_1.gif
wht_toc3_1.gif
cws_pnbtn0_1.gif
cws_pnbtn1_1.gif
Tutorial_Center_hha.hhk
Tutorial_Center.hhc
Tutorial_Center.hhk
Add_a_Category.htm
Add_a_Content_Item.htm
Add_a_Content_Item_from_the_Frontend.htm
Add_a_Section.htm
Add_Contact_Form.htm
Add_Top_of_Page_Link.htm
Archive_Management.htm
Assign_Template.htm
Backup_Using_phpMyAdmin.htm
Blog_Category.htm
Change_Access_Level_of_Content.htm
Change_Homepage.htm
Change_Installed_Directory.htm
Change_Menu_Orientation.htm
Change_the_Content_Layout.htm
Change_the_Frontpage_Layout.htm
Component.htm
Create_a_Module.htm
Edit_Approve_a_Submitted_Item.htm
Email_All_Users.htm
Enable_SEF_URLs.htm
Global_Configuration_Setup.htm
Install_a_Component.htm
Install_a_Component_Manually.htm
Install_a_Language.htm
Install_a_Language_Manually.htm
Install_a_Mambot.htm
Install_a_Mambot_Manually.htm
Install_a_Module.htm
Install_a_Module_Manually.htm
Install_a_Template.htm
Install_a_Template_Manually.htm
Install_mambo_via_Shell_with_cPanelk.htm
Install_Mambo_via_Shell_with_Plesk.htm
Link_URL.htm
Media_Manager.htm
Module_Manager.htm
Publishing_Control_of_Contents.htm
Setup_RSS.htm
Table-Content_Section.htm
Trash_Management.htm
Update_User_Details_-_Backend.htm
Update_User_Details_-_Frontend.htm
User_Management.htm
Welcome.htm
Wrapper.htm
eHelp.xml
RoboHHRE.lng
Tutorial_Center.glo
default.css
add_section.swf
install_language.swf
add_menu_table_content_section.swf
install_module.swf
install_mambot.swf
install_lauange_manually.swf
assign_template.swf
user_manager.swf
install_component_manually.swf
publishing_control.swf
install_mambo_via_shell_cpanel.swf
add_content_frontend.swf
add_category.swf
update_user_backend.swf
change_frontpage_layout.swf
setup_rss.swf
add_menu_wrapper.swf
add_menu_link_url.swf
change_installed_directory.swf
change_menu_orientation.swf
change_homepage.swf
install_template_manually.swf
add_top_of_page.swf
approve_submitted.swf
archive_manager.swf
add_contact.swf
module_manager.swf
email_users.swf
add_content_item.swf
install_module_manually.swf
install_mambo_via_shell_plesk.swf
create_module.swf
edit_content_layout.swf
install_component.swf
enable_sef.swf
change_access_level.swf
backup_phpmyadmin.swf
add_menu_blog_category.swf
install_template.swf
install_mambot_manually.swf
update_user_frontend.swf
trash_manager.swf
media_manager.swf
global_config.swf
add_menu_component.swf
ehlpdhtm.js
Tutorial_Center.ppf
default_ns.css
whxdata\whtdata0.xml
whxdata\whftdata0.xml
whgdata\whlstt0.htm
whgdata\whlstt1.htm
whgdata\whlstt2.htm
whgdata\whlstt3.htm
whgdata\whlstt4.htm
whgdata\whlsti0.htm
whgdata\whlstg0.htm
Tutorial_Center.htm
Tutorial_Center_csh.htm
